<?xml version="1.0" encoding="UTF-8"?>
<!-- Generated by org.testng.reporters.JUnitReportReporter -->
<testsuite hostname="DESKTOP-R0LQ317" failures="0" tests="1" name="com.crm.TestCase.TestcaseNo5" time="9.416" errors="0" timestamp="2024-08-08T16:37:02 IST" skipped="0">
  <testcase classname="com.crm.TestCase.TestcaseNo5" name="highestPrice" time="9.416">
    <system-out>
      <![CDATA[highestPrice
onTestSuccess]]>
    </system-out>
  </testcase> <!-- highestPrice -->
  <system-out>
    <![CDATA[onStart
highestPrice
onTestSuccess]]>
  </system-out>
</testsuite> <!-- com.crm.TestCase.TestcaseNo5 -->
