<?xml version="1.0" encoding="UTF-8"?>
<!-- Generated by org.testng.reporters.JUnitReportReporter -->
<testsuite hostname="DESKTOP-R0LQ317" failures="0" tests="1" name="com.crm.TestCase.Testcaseno8" time="21.767" errors="0" timestamp="2024-08-08T17:37:59 IST" skipped="0">
  <testcase classname="com.crm.TestCase.Testcaseno8" name="contactcreate" time="21.767">
    <system-out>
      <![CDATA[contactcreate is Started !
onTestSuccess]]>
    </system-out>
  </testcase> <!-- contactcreate -->
  <system-out>
    <![CDATA[contactcreate is Started !
onTestSuccess
testCase1 is Started !
onTestSuccess
createOrganization is Started !
onTestSuccess
highestPrice is Started !
onTestSuccess]]>
  </system-out>
</testsuite> <!-- com.crm.TestCase.Testcaseno8 -->
